\BOOKMARK [3][-]{section*.1}{\376\377\000B\000l\000a\000c\000k\000\040\000B\000e\000a\000n\000\040\000S\000t\000u\000f\000f\000e\000d\000\040\000S\000w\000e\000e\000t\000\040\000P\000o\000t\000a\000t\000o\000e\000s}{}% 1
\BOOKMARK [3][-]{section*.2}{\376\377\000C\000h\000i\000c\000k\000p\000e\000a\000\040\000S\000h\000a\000k\000s\000h\000u\000k\000a}{}% 2
\BOOKMARK [3][-]{section*.3}{\376\377\000L\000o\000\040\000M\000e\000i\000n}{}% 3
\BOOKMARK [3][-]{section*.4}{\376\377\000S\000p\000i\000c\000y\000\040\000T\000u\000n\000a\000\040\000A\000v\000o\000c\000a\000d\000o\000\040\000W\000r\000a\000p}{}% 4
\BOOKMARK [3][-]{section*.5}{\376\377\000M\000e\000a\000t\000l\000o\000a\000f\000\040\000A\000n\000d\000\040\000V\000e\000g\000g\000i\000e\000s}{}% 5
\BOOKMARK [3][-]{section*.6}{\376\377\000C\000h\000i\000l\000l\000i\000\040\000P\000r\000a\000w\000n\000s}{}% 6
\BOOKMARK [3][-]{section*.7}{\376\377\000P\000o\000t\000a\000t\000o\000\040\000C\000u\000r\000r\000y}{}% 7
\BOOKMARK [3][-]{section*.8}{\376\377\000S\000p\000a\000g\000h\000e\000t\000t\000i\000\040\000B\000o\000l\000o\000g\000n\000e\000s\000e}{}% 8
\BOOKMARK [3][-]{section*.9}{\376\377\000V\000e\000g\000g\000i\000e\000\040\000S\000t\000i\000r\000\040\000F\000r\000y}{}% 9
\BOOKMARK [3][-]{section*.10}{\376\377\000B\000e\000e\000f\000\040\000B\000r\000o\000c\000c\000o\000l\000i}{}% 10
\BOOKMARK [3][-]{section*.11}{\376\377\000B\000e\000e\000f\000\040\000N\000o\000o\000d\000l\000e\000\040\000S\000t\000i\000r\000\040\000F\000r\000y}{}% 11
\BOOKMARK [3][-]{section*.12}{\376\377\000C\000h\000i\000c\000k\000e\000n\000\040\000F\000a\000j\000i\000t\000a\000s}{}% 12
\BOOKMARK [3][-]{section*.13}{\376\377\000C\000h\000i\000c\000k\000e\000n\000\040\000T\000i\000k\000k\000a\000\040\000M\000a\000s\000a\000l\000a}{}% 13
\BOOKMARK [3][-]{section*.14}{\376\377\000C\000r\000e\000a\000m\000y\000\040\000M\000u\000s\000h\000r\000o\000o\000m\000\040\000S\000t\000r\000o\000g\000a\000n\000o\000f\000f}{}% 14
\BOOKMARK [3][-]{section*.15}{\376\377\000F\000e\000t\000t\000u\000c\000c\000i\000n\000e\000\040\000A\000l\000f\000r\000e\000d\000o}{}% 15
\BOOKMARK [3][-]{section*.16}{\376\377\000G\000a\000r\000l\000i\000c\000\040\000P\000a\000r\000m\000e\000s\000a\000n\000\040\000C\000h\000i\000c\000k\000e\000n\000\040\000A\000n\000d\000\040\000P\000o\000t\000a\000t\000o\000e\000s}{}% 16
\BOOKMARK [3][-]{section*.17}{\376\377\000G\000r\000i\000l\000l\000e\000d\000\040\000H\000o\000n\000e\000y\000\040\000M\000u\000s\000t\000a\000r\000d\000\040\000C\000h\000i\000c\000k\000e\000n}{}% 17
\BOOKMARK [3][-]{section*.18}{\376\377\000K\000o\000r\000e\000a\000n\000\040\000B\000e\000e\000f\000\040\000Z\000u\000c\000c\000h\000i\000n\000i\000\040\000N\000o\000o\000d\000l\000e\000s}{}% 18
\BOOKMARK [3][-]{section*.19}{\376\377\000R\000o\000a\000s\000t\000e\000d\000\040\000C\000h\000i\000c\000k\000e\000n\000\040\000W\000i\000t\000h\000\040\000V\000e\000g\000g\000i\000e\000s}{}% 19
\BOOKMARK [3][-]{section*.20}{\376\377\000S\000p\000a\000g\000h\000e\000t\000t\000i\000\040\000C\000a\000r\000b\000o\000n\000a\000r\000a}{}% 20
\BOOKMARK [3][-]{section*.21}{\376\377\000B\000e\000a\000n\000\040\000B\000r\000o\000c\000c\000o\000l\000i\000\040\000S\000a\000l\000a\000d}{}% 21
\BOOKMARK [3][-]{section*.22}{\376\377\000L\000e\000m\000o\000n\000\040\000P\000o\000t\000a\000t\000o\000\040\000S\000a\000l\000a\000d}{}% 22
\BOOKMARK [3][-]{section*.23}{\376\377\000C\000h\000i\000c\000k\000e\000n\000\040\000A\000l\000f\000r\000e\000d\000o\000\040\000P\000e\000n\000n\000e}{}% 23
\BOOKMARK [3][-]{section*.24}{\376\377\000L\000e\000m\000o\000n\000\040\000G\000a\000r\000l\000i\000c\000\040\000S\000h\000r\000i\000m\000p\000\040\000P\000a\000s\000t\000a}{}% 24
\BOOKMARK [3][-]{section*.25}{\376\377\000V\000e\000g\000g\000i\000e\000\040\000G\000a\000r\000l\000i\000c\000\040\000N\000o\000o\000d\000l\000e\000s}{}% 25
